Using pre-set license
Built from '6000.0/staging' branch; Version is '6000.0.24f1 (11fa355cd605) revision 1178165'; Using compiler version '193933523'; Build Type 'Release'
OS: 'Windows 11  (10.0.22631) 64bit Professional' Language: 'en' Physical Memory: 32095 MB
BatchMode: 1, IsHumanControllingUs: 0, StartBugReporterOnCrash: 0, Is64bit: 1, IsPro: 1

COMMAND LINE ARGUMENTS:
C:\Program Files\Unity\Hub\Editor\6000.0.24f1\Editor\Unity.exe
-adb2
-batchMode
-noUpm
-name
AssetImportWorker0
-projectPath
C:/Users/samue/My project
-logFile
Logs/AssetImportWorker0.log
-srvPort
60471
-job-worker-count
3
-background-job-worker-count
8
-asset-garbage-collectors
1
Successfully changed project path to: C:/Users/samue/My project
C:/Users/samue/My project
[UnityMemory] Configuration Parameters - Can be set up in boot.config
    "memorysetup-bucket-allocator-granularity=16"
    "memorysetup-bucket-allocator-bucket-count=8"
    "memorysetup-bucket-allocator-block-size=33554432"
    "memorysetup-bucket-allocator-block-count=8"
    "memorysetup-main-allocator-block-size=16777216"
    "memorysetup-thread-allocator-block-size=16777216"
    "memorysetup-gfx-main-allocator-block-size=16777216"
    "memorysetup-gfx-thread-allocator-block-size=16777216"
    "memorysetup-cache-allocator-block-size=4194304"
    "memorysetup-typetree-allocator-block-size=2097152"
    "memorysetup-profiler-bucket-allocator-granularity=16"
    "memorysetup-profiler-bucket-allocator-bucket-count=8"
    "memorysetup-profiler-bucket-allocator-block-size=33554432"
    "memorysetup-profiler-bucket-allocator-block-count=8"
    "memorysetup-profiler-allocator-block-size=16777216"
    "memorysetup-profiler-editor-allocator-block-size=1048576"
    "memorysetup-temp-allocator-size-main=16777216"
    "memorysetup-job-temp-allocator-block-size=2097152"
    "memorysetup-job-temp-allocator-block-size-background=1048576"
    "memorysetup-job-temp-allocator-reduction-small-platforms=262144"
    "memorysetup-allocator-temp-initial-block-size-main=262144"
    "memorysetup-allocator-temp-initial-block-size-worker=262144"
    "memorysetup-temp-allocator-size-background-worker=32768"
    "memorysetup-temp-allocator-size-job-worker=262144"
    "memorysetup-temp-allocator-size-preload-manager=33554432"
    "memorysetup-temp-allocator-size-nav-mesh-worker=65536"
    "memorysetup-temp-allocator-size-audio-worker=65536"
    "memorysetup-temp-allocator-size-cloud-worker=32768"
    "memorysetup-temp-allocator-size-gi-baking-worker=262144"
    "memorysetup-temp-allocator-size-gi-baking-worker=262144"
    "memorysetup-temp-allocator-size-gi-baking-worker=262144"
    "memorysetup-temp-allocator-size-gi-baking-worker=262144"
    "memorysetup-temp-allocator-size-gi-baking-worker=262144"
    "memorysetup-temp-allocator-size-gfx=262144"
Player connection [23720]  Target information:

Player connection [23720]  * "[IP] 10.0.0.49 [Port] 0 [Flags] 2 [Guid] 2293291751 [EditorId] 2293291751 [Version] 1048832 [Id] WindowsEditor(7,sam_cherry) [Debug] 1 [PackageName] WindowsEditor [ProjectName] Editor" 

Player connection [23720] Host joined multi-casting on [225.0.0.222:54997]...
Player connection [23720] Host joined alternative multi-casting on [225.0.0.222:34997]...
JobSystem: Creating JobQueue using job-worker-count value 3
[Physics::Module] Initialized fallback backend.
[Physics::Module] Id: 0xdecafbad
Library Redirect Path: Library/
[Physics::Module] Selected backend.
[Physics::Module] Name: PhysX
[Physics::Module] Id: 0xf2b8ea05
[Physics::Module] SDK Version: 4.1.2
[Physics::Module] Integration Version: 1.0.0
[Physics::Module] Threading Mode: Multi-Threaded
Refreshing native plugins compatible for Editor in 16.32 ms, found 8 plugins.
Preloading 0 native plugins for Editor in 0.00 ms.
Initialize engine version: 6000.0.24f1 (11fa355cd605)
[Subsystems] Discovering subsystems at path C:/Program Files/Unity/Hub/Editor/6000.0.24f1/Editor/Data/Resources/UnitySubsystems
[Subsystems] Discovering subsystems at path C:/Users/samue/My project/Assets
GfxDevice: creating device client; kGfxThreadingModeNonThreaded
Direct3D:
    Version:  Direct3D 11.0 [level 11.1]
    Renderer: AMD Radeon (TM) Graphics (ID=0x15e7)
    Vendor:   ATI
    VRAM:     16047 MB
    Driver:   31.0.21910.4002
Initialize mono
Mono path[0] = 'C:/Program Files/Unity/Hub/Editor/6000.0.24f1/Editor/Data/Managed'
Mono path[1] = 'C:/Program Files/Unity/Hub/Editor/6000.0.24f1/Editor/Data/MonoBleedingEdge/lib/mono/unityjit-win32'
Mono config path = 'C:/Program Files/Unity/Hub/Editor/6000.0.24f1/Editor/Data/MonoBleedingEdge/etc'
Using monoOptions --debugger-agent=transport=dt_socket,embedding=1,server=y,suspend=n,address=127.0.0.1:56728
Begin MonoManager ReloadAssembly
Registering precompiled unity dll's ...
Register platform support module: C:/Program Files/Unity/Hub/Editor/6000.0.24f1/Editor/Data/PlaybackEngines/WindowsStandaloneSupport/UnityEditor.WindowsStandalone.Extensions.dll
Registered in 0.003199 seconds.
- Loaded All Assemblies, in  0.593 seconds
Native extension for WindowsStandalone target not found
Mono: successfully reloaded assembly
- Finished resetting the current domain, in  0.647 seconds
Domain Reload Profiling: 1237ms
	BeginReloadAssembly (210ms)
		ExecutionOrderSort (0ms)
		DisableScriptedObjects (0ms)
		BackupInstance (0ms)
		ReleaseScriptingObjects (0ms)
		CreateAndSetChildDomain (1ms)
	RebuildCommonClasses (54ms)
	RebuildNativeTypeToScriptingClass (14ms)
	initialDomainReloadingComplete (75ms)
	LoadAllAssembliesAndSetupDomain (237ms)
		LoadAssemblies (206ms)
		RebuildTransferFunctionScriptingTraits (0ms)
		AnalyzeDomain (233ms)
			TypeCache.Refresh (230ms)
				TypeCache.ScanAssembly (208ms)
			BuildScriptInfoCaches (0ms)
			ResolveRequiredComponents (1ms)
	FinalizeReload (647ms)
		ReleaseScriptCaches (0ms)
		RebuildScriptCaches (0ms)
		SetupLoadedEditorAssemblies (562ms)
			LogAssemblyErrors (0ms)
			InitializePlatformSupportModulesInManaged (45ms)
			SetLoadedEditorAssemblies (8ms)
			BeforeProcessingInitializeOnLoad (10ms)
			ProcessInitializeOnLoadAttributes (373ms)
			ProcessInitializeOnLoadMethodAttributes (123ms)
			AfterProcessingInitializeOnLoad (4ms)
			EditorAssembliesLoaded (0ms)
		ExecutionOrderSort2 (0ms)
		AwakeInstancesAfterBackupRestoration (0ms)
========================================================================
Worker process is ready to serve import requests
Import Worker Mode flag is 0x00
Begin MonoManager ReloadAssembly
Symbol file LoadedFromMemory is not a mono symbol file
- Loaded All Assemblies, in  2.090 seconds
Refreshing native plugins compatible for Editor in 11.72 ms, found 8 plugins.
Native extension for WindowsStandalone target not found
Refreshing native plugins compatible for Editor in 15.48 ms, found 8 plugins.
Mono: successfully reloaded assembly
- Finished resetting the current domain, in  1.985 seconds
Domain Reload Profiling: 4070ms
	BeginReloadAssembly (675ms)
		ExecutionOrderSort (0ms)
		DisableScriptedObjects (10ms)
		BackupInstance (0ms)
		ReleaseScriptingObjects (0ms)
		CreateAndSetChildDomain (75ms)
	RebuildCommonClasses (61ms)
	RebuildNativeTypeToScriptingClass (17ms)
	initialDomainReloadingComplete (65ms)
	LoadAllAssembliesAndSetupDomain (1265ms)
		LoadAssemblies (749ms)
		RebuildTransferFunctionScriptingTraits (0ms)
		AnalyzeDomain (681ms)
			TypeCache.Refresh (504ms)
				TypeCache.ScanAssembly (462ms)
			BuildScriptInfoCaches (149ms)
			ResolveRequiredComponents (20ms)
	FinalizeReload (1986ms)
		ReleaseScriptCaches (0ms)
		RebuildScriptCaches (0ms)
		SetupLoadedEditorAssemblies (1525ms)
			LogAssemblyErrors (0ms)
			InitializePlatformSupportModulesInManaged (4ms)
			SetLoadedEditorAssemblies (7ms)
			BeforeProcessingInitializeOnLoad (174ms)
			ProcessInitializeOnLoadAttributes (928ms)
			ProcessInitializeOnLoadMethodAttributes (399ms)
			AfterProcessingInitializeOnLoad (13ms)
			EditorAssembliesLoaded (1ms)
		ExecutionOrderSort2 (0ms)
		AwakeInstancesAfterBackupRestoration (9ms)
Launched and connected shader compiler UnityShaderCompiler.exe after 0.02 seconds
Refreshing native plugins compatible for Editor in 14.36 ms, found 8 plugins.
Preloading 0 native plugins for Editor in 0.00 ms.
Unloading 230 Unused Serialized files (Serialized files now loaded: 0)
Unloading 7795 unused Assets / (5.5 MB). Loaded Objects now: 8553.
Memory consumption went from 214.4 MB to 208.9 MB.
Total: 29.599400 ms (FindLiveObjects: 1.733900 ms CreateObjectMapping: 2.423400 ms MarkObjects: 17.826000 ms  DeleteObjects: 7.611700 ms)

========================================================================
Received Import Request.
  Time since last request: 208581.559550 seconds.
  path: Assets/Art
  artifactKey: Guid(ac0146f3eec9f2449a477bb81d37952b) Importer(815301076,1909f56bfc062723c751e8b465ee728b)
Start importing Assets/Art using Guid(ac0146f3eec9f2449a477bb81d37952b) Importer(815301076,1909f56bfc062723c751e8b465ee728b) (PreviewImporter) -> (artifact id: '0988728fa1281cac3e5a8ba9bbb60cc9') in 0.0079419 seconds
Number of updated asset objects reloaded before import = 0Number of asset objects unloaded after import = 0

========================================================================
Received Import Request.
  Time since last request: 1.801446 seconds.
  path: Assets/Art/2D Pixel Art Platformer Biome - American Forest
  artifactKey: Guid(a39cf8002df4206458df300f6ce63d7c) Importer(815301076,1909f56bfc062723c751e8b465ee728b)
Start importing Assets/Art/2D Pixel Art Platformer Biome - American Forest using Guid(a39cf8002df4206458df300f6ce63d7c) Importer(815301076,1909f56bfc062723c751e8b465ee728b) (PreviewImporter) -> (artifact id: '43a71a6da49644c504d4a441a5c14df1') in 0.0008142 seconds
Number of updated asset objects reloaded before import = 0Number of asset objects unloaded after import = 0

========================================================================
Received Import Request.
  Time since last request: 0.068887 seconds.
  path: Assets/Art/2D Pixel Art Platformer Biome - American Forest/Atlas.spriteatlas
  artifactKey: Guid(72ed2a5fe375d7e4bbecf74985d9ecab) Importer(815301076,1909f56bfc062723c751e8b465ee728b)
Start importing Assets/Art/2D Pixel Art Platformer Biome - American Forest/Atlas.spriteatlas using Guid(72ed2a5fe375d7e4bbecf74985d9ecab) Importer(815301076,1909f56bfc062723c751e8b465ee728b) (PreviewImporter) -> (artifact id: '5bcecd7a1776f6bc7c053216c3cbae05') in 0.0266171 seconds
Number of updated asset objects reloaded before import = 0Number of asset objects unloaded after import = 1

========================================================================
Received Import Request.
  Time since last request: 0.000025 seconds.
  path: Assets/Art/2D Pixel Art Platformer Biome - American Forest/Background4.asset
  artifactKey: Guid(6a2790478b36b4d408fa1d0b541b5c68) Importer(815301076,1909f56bfc062723c751e8b465ee728b)
Start importing Assets/Art/2D Pixel Art Platformer Biome - American Forest/Background4.asset using Guid(6a2790478b36b4d408fa1d0b541b5c68) Importer(815301076,1909f56bfc062723c751e8b465ee728b) (PreviewImporter) -> (artifact id: '12d33fc01e4e3ce37ce478a1424c6bf9') in 0.0719822 seconds
Number of updated asset objects reloaded before import = 0Number of asset objects unloaded after import = 92

========================================================================
Received Import Request.
  Time since last request: 0.000044 seconds.
  path: Assets/Art/2D Pixel Art Platformer Biome - American Forest/Table1.asset
  artifactKey: Guid(db73e4463ce74ca47a76b43844ce2c4e) Importer(815301076,1909f56bfc062723c751e8b465ee728b)
Start importing Assets/Art/2D Pixel Art Platformer Biome - American Forest/Table1.asset using Guid(db73e4463ce74ca47a76b43844ce2c4e) Importer(815301076,1909f56bfc062723c751e8b465ee728b) (PreviewImporter) -> (artifact id: '68bc7a1004c99fa4bee806336f6024f9') in 0.0261718 seconds
Number of updated asset objects reloaded before import = 0Number of asset objects unloaded after import = 92

========================================================================
Received Import Request.
  Time since last request: 0.000035 seconds.
  path: Assets/Art/2D Pixel Art Platformer Biome - American Forest/TileBackGround2.asset
  artifactKey: Guid(66fcb0b6690610d42a35c8fe952df954) Importer(815301076,1909f56bfc062723c751e8b465ee728b)
Start importing Assets/Art/2D Pixel Art Platformer Biome - American Forest/TileBackGround2.asset using Guid(66fcb0b6690610d42a35c8fe952df954) Importer(815301076,1909f56bfc062723c751e8b465ee728b) (PreviewImporter) -> (artifact id: '7211d597f444a06e6674847111c22554') in 0.0222876 seconds
Number of updated asset objects reloaded before import = 0Number of asset objects unloaded after import = 92

========================================================================
Received Import Request.
  Time since last request: 0.000035 seconds.
  path: Assets/Art/2D Pixel Art Platformer Biome - American Forest/Plant4.asset
  artifactKey: Guid(59d9b5c51ac38e449a384cc7acfa5a9f) Importer(815301076,1909f56bfc062723c751e8b465ee728b)
Start importing Assets/Art/2D Pixel Art Platformer Biome - American Forest/Plant4.asset using Guid(59d9b5c51ac38e449a384cc7acfa5a9f) Importer(815301076,1909f56bfc062723c751e8b465ee728b) (PreviewImporter) -> (artifact id: '0653d33f08e1a9ff72a6b511fafceda3') in 0.0229557 seconds
Number of updated asset objects reloaded before import = 0Number of asset objects unloaded after import = 92

========================================================================
Received Import Request.
  Time since last request: 0.000024 seconds.
  path: Assets/Art/2D Pixel Art Platformer Biome - American Forest/Plant3.asset
  artifactKey: Guid(45180e5bc3c539949a503f7e57a8159c) Importer(815301076,1909f56bfc062723c751e8b465ee728b)
Start importing Assets/Art/2D Pixel Art Platformer Biome - American Forest/Plant3.asset using Guid(45180e5bc3c539949a503f7e57a8159c) Importer(815301076,1909f56bfc062723c751e8b465ee728b) (PreviewImporter) -> (artifact id: 'e434051ed91342fe1e6f2eecc68621c0') in 0.0358603 seconds
Number of updated asset objects reloaded before import = 0Number of asset objects unloaded after import = 92

========================================================================
Received Import Request.
  Time since last request: 0.000030 seconds.
  path: Assets/Art/2D Pixel Art Platformer Biome - American Forest/Sprites.png
  artifactKey: Guid(5fe5454ec8605de43809133b020d1b69) Importer(815301076,1909f56bfc062723c751e8b465ee728b)
Start importing Assets/Art/2D Pixel Art Platformer Biome - American Forest/Sprites.png using Guid(5fe5454ec8605de43809133b020d1b69) Importer(815301076,1909f56bfc062723c751e8b465ee728b) (PreviewImporter) -> (artifact id: 'ae5986fc534eb1ec2f5be4a0693ca66b') in 0.5799446 seconds
Number of updated asset objects reloaded before import = 0Number of asset objects unloaded after import = 92

========================================================================
Received Import Request.
  Time since last request: 0.000036 seconds.
  path: Assets/Art/2D Pixel Art Platformer Biome - American Forest/Background3.asset
  artifactKey: Guid(f67a142c7214ca94889b9a3b70b6bf03) Importer(815301076,1909f56bfc062723c751e8b465ee728b)
Start importing Assets/Art/2D Pixel Art Platformer Biome - American Forest/Background3.asset using Guid(f67a142c7214ca94889b9a3b70b6bf03) Importer(815301076,1909f56bfc062723c751e8b465ee728b) (PreviewImporter) -> (artifact id: '683d3af02a84d00f177c68b60629a05d') in 0.0228905 seconds
Number of updated asset objects reloaded before import = 0Number of asset objects unloaded after import = 92

========================================================================
Received Import Request.
  Time since last request: 0.000053 seconds.
  path: Assets/Art/2D Pixel Art Platformer Biome - American Forest/TileBackGround7.asset
  artifactKey: Guid(f017f936a12f549459f1c95a05394bb2) Importer(815301076,1909f56bfc062723c751e8b465ee728b)
Start importing Assets/Art/2D Pixel Art Platformer Biome - American Forest/TileBackGround7.asset using Guid(f017f936a12f549459f1c95a05394bb2) Importer(815301076,1909f56bfc062723c751e8b465ee728b) (PreviewImporter) -> (artifact id: '75b02f19e5ccff352a64f6177ac7465d') in 0.0247672 seconds
Number of updated asset objects reloaded before import = 0Number of asset objects unloaded after import = 92

========================================================================
Received Import Request.
  Time since last request: 0.000029 seconds.
  path: Assets/Art/2D Pixel Art Platformer Biome - American Forest/Stone6.asset
  artifactKey: Guid(4e9920888e838ef4a85c755dec8d4dec) Importer(815301076,1909f56bfc062723c751e8b465ee728b)
Start importing Assets/Art/2D Pixel Art Platformer Biome - American Forest/Stone6.asset using Guid(4e9920888e838ef4a85c755dec8d4dec) Importer(815301076,1909f56bfc062723c751e8b465ee728b) (PreviewImporter) -> (artifact id: '2ef59c567816204c80c06310e1f17bad') in 0.0226844 seconds
Number of updated asset objects reloaded before import = 0Number of asset objects unloaded after import = 92

========================================================================
Received Import Request.
  Time since last request: 0.000041 seconds.
  path: Assets/Art/2D Pixel Art Platformer Biome - American Forest/Background5.asset
  artifactKey: Guid(0bfa2a57f8d2b0d4c9c3de15005b0524) Importer(815301076,1909f56bfc062723c751e8b465ee728b)
Start importing Assets/Art/2D Pixel Art Platformer Biome - American Forest/Background5.asset using Guid(0bfa2a57f8d2b0d4c9c3de15005b0524) Importer(815301076,1909f56bfc062723c751e8b465ee728b) (PreviewImporter) -> (artifact id: '88462f6a5cf39a23e4d2ee423efaa124') in 0.0277174 seconds
Number of updated asset objects reloaded before import = 0Number of asset objects unloaded after import = 92

========================================================================
Received Import Request.
  Time since last request: 0.000031 seconds.
  path: Assets/Art/2D Pixel Art Platformer Biome - American Forest/TileBackGround4.asset
  artifactKey: Guid(6c3eb9c8175118f4e8182ae9c0b620ac) Importer(815301076,1909f56bfc062723c751e8b465ee728b)
Start importing Assets/Art/2D Pixel Art Platformer Biome - American Forest/TileBackGround4.asset using Guid(6c3eb9c8175118f4e8182ae9c0b620ac) Importer(815301076,1909f56bfc062723c751e8b465ee728b) (PreviewImporter) -> (artifact id: '4474578fb05a1eae859875dc83df877a') in 0.0289886 seconds
Number of updated asset objects reloaded before import = 0Number of asset objects unloaded after import = 92

========================================================================
Received Import Request.
  Time since last request: 0.000041 seconds.
  path: Assets/Art/2D Pixel Art Platformer Biome - American Forest/Stone5.asset
  artifactKey: Guid(422a638db941cbc4ea3db859cc8d0cc8) Importer(815301076,1909f56bfc062723c751e8b465ee728b)
Start importing Assets/Art/2D Pixel Art Platformer Biome - American Forest/Stone5.asset using Guid(422a638db941cbc4ea3db859cc8d0cc8) Importer(815301076,1909f56bfc062723c751e8b465ee728b) (PreviewImporter) -> (artifact id: 'cf17051c76f41bfb1e9d19d15e728e20') in 0.0271146 seconds
Number of updated asset objects reloaded before import = 0Number of asset objects unloaded after import = 92

========================================================================
Received Import Request.
  Time since last request: 0.000046 seconds.
  path: Assets/Art/2D Pixel Art Platformer Biome - American Forest/Background2.asset
  artifactKey: Guid(8c81a9d9d0f225e4eb713aeb0a4bdee0) Importer(815301076,1909f56bfc062723c751e8b465ee728b)
Start importing Assets/Art/2D Pixel Art Platformer Biome - American Forest/Background2.asset using Guid(8c81a9d9d0f225e4eb713aeb0a4bdee0) Importer(815301076,1909f56bfc062723c751e8b465ee728b) (PreviewImporter) -> (artifact id: 'f06f26b25e78f10ab898fcf1ad7849c0') in 0.0243053 seconds
Number of updated asset objects reloaded before import = 0Number of asset objects unloaded after import = 92

========================================================================
Received Import Request.
  Time since last request: 0.000033 seconds.
  path: Assets/Art/2D Pixel Art Platformer Biome - American Forest/Stone3.asset
  artifactKey: Guid(dd9849669be8e1e47bbd83f5ce7ee4d9) Importer(815301076,1909f56bfc062723c751e8b465ee728b)
Start importing Assets/Art/2D Pixel Art Platformer Biome - American Forest/Stone3.asset using Guid(dd9849669be8e1e47bbd83f5ce7ee4d9) Importer(815301076,1909f56bfc062723c751e8b465ee728b) (PreviewImporter) -> (artifact id: '351cee34b5949b54ae8527ebff0e924a') in 0.0328734 seconds
Number of updated asset objects reloaded before import = 0Number of asset objects unloaded after import = 92

========================================================================
Received Import Request.
  Time since last request: 4.215815 seconds.
  path: Assets/Art/Free UI build package
  artifactKey: Guid(700101e0da3e57a479b9aee076cfa293) Importer(815301076,1909f56bfc062723c751e8b465ee728b)
Start importing Assets/Art/Free UI build package using Guid(700101e0da3e57a479b9aee076cfa293) Importer(815301076,1909f56bfc062723c751e8b465ee728b) (PreviewImporter) -> (artifact id: '33ea3d2f59dcdb274ede843915bc611a') in 0.0007084 seconds
Number of updated asset objects reloaded before import = 0Number of asset objects unloaded after import = 0

