Using pre-set license
Built from '6000.0/staging' branch; Version is '6000.0.24f1 (11fa355cd605) revision 1178165'; Using compiler version '193933523'; Build Type 'Release'
OS: 'Windows 11  (10.0.22631) 64bit Professional' Language: 'en' Physical Memory: 32095 MB
BatchMode: 1, IsHumanControllingUs: 0, StartBugReporterOnCrash: 0, Is64bit: 1, IsPro: 1

COMMAND LINE ARGUMENTS:
C:\Program Files\Unity\Hub\Editor\6000.0.24f1\Editor\Unity.exe
-adb2
-batchMode
-noUpm
-name
AssetImportWorker1
-projectPath
C:/Users/samue/My project
-logFile
Logs/AssetImportWorker1.log
-srvPort
60471
-job-worker-count
3
-background-job-worker-count
8
-asset-garbage-collectors
1
Successfully changed project path to: C:/Users/samue/My project
C:/Users/samue/My project
[UnityMemory] Configuration Parameters - Can be set up in boot.config
    "memorysetup-bucket-allocator-granularity=16"
    "memorysetup-bucket-allocator-bucket-count=8"
    "memorysetup-bucket-allocator-block-size=33554432"
    "memorysetup-bucket-allocator-block-count=8"
    "memorysetup-main-allocator-block-size=16777216"
    "memorysetup-thread-allocator-block-size=16777216"
    "memorysetup-gfx-main-allocator-block-size=16777216"
    "memorysetup-gfx-thread-allocator-block-size=16777216"
    "memorysetup-cache-allocator-block-size=4194304"
    "memorysetup-typetree-allocator-block-size=2097152"
    "memorysetup-profiler-bucket-allocator-granularity=16"
    "memorysetup-profiler-bucket-allocator-bucket-count=8"
    "memorysetup-profiler-bucket-allocator-block-size=33554432"
    "memorysetup-profiler-bucket-allocator-block-count=8"
    "memorysetup-profiler-allocator-block-size=16777216"
    "memorysetup-profiler-editor-allocator-block-size=1048576"
    "memorysetup-temp-allocator-size-main=16777216"
    "memorysetup-job-temp-allocator-block-size=2097152"
    "memorysetup-job-temp-allocator-block-size-background=1048576"
    "memorysetup-job-temp-allocator-reduction-small-platforms=262144"
    "memorysetup-allocator-temp-initial-block-size-main=262144"
    "memorysetup-allocator-temp-initial-block-size-worker=262144"
    "memorysetup-temp-allocator-size-background-worker=32768"
    "memorysetup-temp-allocator-size-job-worker=262144"
    "memorysetup-temp-allocator-size-preload-manager=33554432"
    "memorysetup-temp-allocator-size-nav-mesh-worker=65536"
    "memorysetup-temp-allocator-size-audio-worker=65536"
    "memorysetup-temp-allocator-size-cloud-worker=32768"
    "memorysetup-temp-allocator-size-gi-baking-worker=262144"
    "memorysetup-temp-allocator-size-gi-baking-worker=262144"
    "memorysetup-temp-allocator-size-gi-baking-worker=262144"
    "memorysetup-temp-allocator-size-gi-baking-worker=262144"
    "memorysetup-temp-allocator-size-gi-baking-worker=262144"
    "memorysetup-temp-allocator-size-gfx=262144"
Player connection [27560]  Target information:

Player connection [27560]  * "[IP] 10.0.0.49 [Port] 0 [Flags] 2 [Guid] 2364622459 [EditorId] 2364622459 [Version] 1048832 [Id] WindowsEditor(7,sam_cherry) [Debug] 1 [PackageName] WindowsEditor [ProjectName] Editor" 

Player connection [27560] Host joined multi-casting on [225.0.0.222:54997]...
Player connection [27560] Host joined alternative multi-casting on [225.0.0.222:34997]...
JobSystem: Creating JobQueue using job-worker-count value 3
[Physics::Module] Initialized fallback backend.
[Physics::Module] Id: 0xdecafbad
Library Redirect Path: Library/
[Physics::Module] Selected backend.
[Physics::Module] Name: PhysX
[Physics::Module] Id: 0xf2b8ea05
[Physics::Module] SDK Version: 4.1.2
[Physics::Module] Integration Version: 1.0.0
[Physics::Module] Threading Mode: Multi-Threaded
Refreshing native plugins compatible for Editor in 15.26 ms, found 8 plugins.
Preloading 0 native plugins for Editor in 0.00 ms.
Initialize engine version: 6000.0.24f1 (11fa355cd605)
[Subsystems] Discovering subsystems at path C:/Program Files/Unity/Hub/Editor/6000.0.24f1/Editor/Data/Resources/UnitySubsystems
[Subsystems] Discovering subsystems at path C:/Users/samue/My project/Assets
GfxDevice: creating device client; kGfxThreadingModeNonThreaded
Direct3D:
    Version:  Direct3D 11.0 [level 11.1]
    Renderer: AMD Radeon (TM) Graphics (ID=0x15e7)
    Vendor:   ATI
    VRAM:     16047 MB
    Driver:   31.0.21910.4002
Initialize mono
Mono path[0] = 'C:/Program Files/Unity/Hub/Editor/6000.0.24f1/Editor/Data/Managed'
Mono path[1] = 'C:/Program Files/Unity/Hub/Editor/6000.0.24f1/Editor/Data/MonoBleedingEdge/lib/mono/unityjit-win32'
Mono config path = 'C:/Program Files/Unity/Hub/Editor/6000.0.24f1/Editor/Data/MonoBleedingEdge/etc'
Using monoOptions --debugger-agent=transport=dt_socket,embedding=1,server=y,suspend=n,address=127.0.0.1:56500
Begin MonoManager ReloadAssembly
Registering precompiled unity dll's ...
Register platform support module: C:/Program Files/Unity/Hub/Editor/6000.0.24f1/Editor/Data/PlaybackEngines/WindowsStandaloneSupport/UnityEditor.WindowsStandalone.Extensions.dll
Registered in 0.002821 seconds.
- Loaded All Assemblies, in  0.595 seconds
Native extension for WindowsStandalone target not found
Mono: successfully reloaded assembly
- Finished resetting the current domain, in  0.654 seconds
Domain Reload Profiling: 1246ms
	BeginReloadAssembly (212ms)
		ExecutionOrderSort (0ms)
		DisableScriptedObjects (0ms)
		BackupInstance (0ms)
		ReleaseScriptingObjects (0ms)
		CreateAndSetChildDomain (1ms)
	RebuildCommonClasses (54ms)
	RebuildNativeTypeToScriptingClass (15ms)
	initialDomainReloadingComplete (74ms)
	LoadAllAssembliesAndSetupDomain (237ms)
		LoadAssemblies (207ms)
		RebuildTransferFunctionScriptingTraits (0ms)
		AnalyzeDomain (233ms)
			TypeCache.Refresh (230ms)
				TypeCache.ScanAssembly (209ms)
			BuildScriptInfoCaches (0ms)
			ResolveRequiredComponents (1ms)
	FinalizeReload (655ms)
		ReleaseScriptCaches (0ms)
		RebuildScriptCaches (0ms)
		SetupLoadedEditorAssemblies (572ms)
			LogAssemblyErrors (0ms)
			InitializePlatformSupportModulesInManaged (44ms)
			SetLoadedEditorAssemblies (8ms)
			BeforeProcessingInitializeOnLoad (10ms)
			ProcessInitializeOnLoadAttributes (390ms)
			ProcessInitializeOnLoadMethodAttributes (113ms)
			AfterProcessingInitializeOnLoad (5ms)
			EditorAssembliesLoaded (0ms)
		ExecutionOrderSort2 (0ms)
		AwakeInstancesAfterBackupRestoration (0ms)
========================================================================
Worker process is ready to serve import requests
Import Worker Mode flag is 0x00
Begin MonoManager ReloadAssembly
Symbol file LoadedFromMemory is not a mono symbol file
- Loaded All Assemblies, in  2.090 seconds
Refreshing native plugins compatible for Editor in 12.86 ms, found 8 plugins.
Native extension for WindowsStandalone target not found
Refreshing native plugins compatible for Editor in 15.86 ms, found 8 plugins.
Mono: successfully reloaded assembly
- Finished resetting the current domain, in  1.992 seconds
Domain Reload Profiling: 4075ms
	BeginReloadAssembly (659ms)
		ExecutionOrderSort (0ms)
		DisableScriptedObjects (8ms)
		BackupInstance (0ms)
		ReleaseScriptingObjects (0ms)
		CreateAndSetChildDomain (74ms)
	RebuildCommonClasses (59ms)
	RebuildNativeTypeToScriptingClass (17ms)
	initialDomainReloadingComplete (65ms)
	LoadAllAssembliesAndSetupDomain (1282ms)
		LoadAssemblies (756ms)
		RebuildTransferFunctionScriptingTraits (0ms)
		AnalyzeDomain (687ms)
			TypeCache.Refresh (509ms)
				TypeCache.ScanAssembly (467ms)
			BuildScriptInfoCaches (151ms)
			ResolveRequiredComponents (19ms)
	FinalizeReload (1993ms)
		ReleaseScriptCaches (0ms)
		RebuildScriptCaches (0ms)
		SetupLoadedEditorAssemblies (1519ms)
			LogAssemblyErrors (0ms)
			InitializePlatformSupportModulesInManaged (3ms)
			SetLoadedEditorAssemblies (7ms)
			BeforeProcessingInitializeOnLoad (172ms)
			ProcessInitializeOnLoadAttributes (922ms)
			ProcessInitializeOnLoadMethodAttributes (401ms)
			AfterProcessingInitializeOnLoad (14ms)
			EditorAssembliesLoaded (1ms)
		ExecutionOrderSort2 (0ms)
		AwakeInstancesAfterBackupRestoration (11ms)
Launched and connected shader compiler UnityShaderCompiler.exe after 0.02 seconds
Refreshing native plugins compatible for Editor in 14.83 ms, found 8 plugins.
Preloading 0 native plugins for Editor in 0.00 ms.
Unloading 230 Unused Serialized files (Serialized files now loaded: 0)
Unloading 7795 unused Assets / (5.4 MB). Loaded Objects now: 8553.
Memory consumption went from 214.4 MB to 209.0 MB.
Total: 29.463400 ms (FindLiveObjects: 1.709800 ms CreateObjectMapping: 2.511300 ms MarkObjects: 18.732400 ms  DeleteObjects: 6.507900 ms)

========================================================================
Received Import Request.
  Time since last request: 208583.608164 seconds.
  path: Assets/Art/2D Pixel Art Platformer Biome - American Forest/Background1.asset
  artifactKey: Guid(edb9c07fc87d1e04abb0b4ed5e554acd) Importer(815301076,1909f56bfc062723c751e8b465ee728b)
Start importing Assets/Art/2D Pixel Art Platformer Biome - American Forest/Background1.asset using Guid(edb9c07fc87d1e04abb0b4ed5e554acd) Importer(815301076,1909f56bfc062723c751e8b465ee728b) (PreviewImporter) -> (artifact id: 'c91b8335e2e824f1dc22a4e01dc3e127') in 0.1108473 seconds
Number of updated asset objects reloaded before import = 0Number of asset objects unloaded after import = 92

========================================================================
Received Import Request.
  Time since last request: 0.000028 seconds.
  path: Assets/Art/2D Pixel Art Platformer Biome - American Forest/Table2.asset
  artifactKey: Guid(a5c3bdadcf778724cab632ab9701b486) Importer(815301076,1909f56bfc062723c751e8b465ee728b)
Start importing Assets/Art/2D Pixel Art Platformer Biome - American Forest/Table2.asset using Guid(a5c3bdadcf778724cab632ab9701b486) Importer(815301076,1909f56bfc062723c751e8b465ee728b) (PreviewImporter) -> (artifact id: '74f74d2d59cd30aa9e2ffbf4f74220ae') in 0.0229824 seconds
Number of updated asset objects reloaded before import = 0Number of asset objects unloaded after import = 92

========================================================================
Received Import Request.
  Time since last request: 0.000037 seconds.
  path: Assets/Art/2D Pixel Art Platformer Biome - American Forest/TileBackGround5.asset
  artifactKey: Guid(1144d92aef4fe1d4b9827114e7724ae3) Importer(815301076,1909f56bfc062723c751e8b465ee728b)
Start importing Assets/Art/2D Pixel Art Platformer Biome - American Forest/TileBackGround5.asset using Guid(1144d92aef4fe1d4b9827114e7724ae3) Importer(815301076,1909f56bfc062723c751e8b465ee728b) (PreviewImporter) -> (artifact id: 'a9a4e894a158216850371280ee0025b4') in 0.0239317 seconds
Number of updated asset objects reloaded before import = 0Number of asset objects unloaded after import = 92

========================================================================
Received Import Request.
  Time since last request: 0.000049 seconds.
  path: Assets/Art/2D Pixel Art Platformer Biome - American Forest/TileBackGround6.asset
  artifactKey: Guid(ef02e939ef5659c4c90bd3411769207a) Importer(815301076,1909f56bfc062723c751e8b465ee728b)
Start importing Assets/Art/2D Pixel Art Platformer Biome - American Forest/TileBackGround6.asset using Guid(ef02e939ef5659c4c90bd3411769207a) Importer(815301076,1909f56bfc062723c751e8b465ee728b) (PreviewImporter) -> (artifact id: 'a0c2ad57d688925952cc7ce877a9d6d9') in 0.0232583 seconds
Number of updated asset objects reloaded before import = 0Number of asset objects unloaded after import = 92

========================================================================
Received Import Request.
  Time since last request: 0.000028 seconds.
  path: Assets/Art/2D Pixel Art Platformer Biome - American Forest/Stone1.asset
  artifactKey: Guid(223002d69da41a044b1c8ee3130b46e6) Importer(815301076,1909f56bfc062723c751e8b465ee728b)
Start importing Assets/Art/2D Pixel Art Platformer Biome - American Forest/Stone1.asset using Guid(223002d69da41a044b1c8ee3130b46e6) Importer(815301076,1909f56bfc062723c751e8b465ee728b) (PreviewImporter) -> (artifact id: '436b6edad352c4cef42520d9f621c130') in 0.0362965 seconds
Number of updated asset objects reloaded before import = 0Number of asset objects unloaded after import = 92

========================================================================
Received Import Request.
  Time since last request: 0.000025 seconds.
  path: Assets/Art/2D Pixel Art Platformer Biome - American Forest/Stone2.asset
  artifactKey: Guid(ba98f9f0fad7eeb44866240e7812d575) Importer(815301076,1909f56bfc062723c751e8b465ee728b)
Start importing Assets/Art/2D Pixel Art Platformer Biome - American Forest/Stone2.asset using Guid(ba98f9f0fad7eeb44866240e7812d575) Importer(815301076,1909f56bfc062723c751e8b465ee728b) (PreviewImporter) -> (artifact id: 'df5f8ac4482bbda570739a6532cd443b') in 0.0216701 seconds
Number of updated asset objects reloaded before import = 0Number of asset objects unloaded after import = 92

========================================================================
Received Import Request.
  Time since last request: 0.000040 seconds.
  path: Assets/Art/2D Pixel Art Platformer Biome - American Forest/Plant5.asset
  artifactKey: Guid(d13d5d8725c28b94d8ffb7a20cc42585) Importer(815301076,1909f56bfc062723c751e8b465ee728b)
Start importing Assets/Art/2D Pixel Art Platformer Biome - American Forest/Plant5.asset using Guid(d13d5d8725c28b94d8ffb7a20cc42585) Importer(815301076,1909f56bfc062723c751e8b465ee728b) (PreviewImporter) -> (artifact id: '7c3b90efdc30a46ea49e3a6facb229cd') in 0.0223817 seconds
Number of updated asset objects reloaded before import = 0Number of asset objects unloaded after import = 92

========================================================================
Received Import Request.
  Time since last request: 0.000050 seconds.
  path: Assets/Art/2D Pixel Art Platformer Biome - American Forest/Stone4.asset
  artifactKey: Guid(04838f7ccfce10a4783696f1450c396b) Importer(815301076,1909f56bfc062723c751e8b465ee728b)
Start importing Assets/Art/2D Pixel Art Platformer Biome - American Forest/Stone4.asset using Guid(04838f7ccfce10a4783696f1450c396b) Importer(815301076,1909f56bfc062723c751e8b465ee728b) (PreviewImporter) -> (artifact id: 'f8c3acd77b7b75da5423bfd1d7a61fd5') in 0.0255598 seconds
Number of updated asset objects reloaded before import = 0Number of asset objects unloaded after import = 92

========================================================================
Received Import Request.
  Time since last request: 0.000052 seconds.
  path: Assets/Art/2D Pixel Art Platformer Biome - American Forest/Plant1.asset
  artifactKey: Guid(c35590c9e1036c149ba58365ec8a0fca) Importer(815301076,1909f56bfc062723c751e8b465ee728b)
Start importing Assets/Art/2D Pixel Art Platformer Biome - American Forest/Plant1.asset using Guid(c35590c9e1036c149ba58365ec8a0fca) Importer(815301076,1909f56bfc062723c751e8b465ee728b) (PreviewImporter) -> (artifact id: '814d11272676768f5232d3de9b96326b') in 0.0200522 seconds
Number of updated asset objects reloaded before import = 0Number of asset objects unloaded after import = 92

========================================================================
Received Import Request.
  Time since last request: 0.000033 seconds.
  path: Assets/Art/2D Pixel Art Platformer Biome - American Forest/Plant2.asset
  artifactKey: Guid(2ee69c0ef57a11a4db3f439b38701ec6) Importer(815301076,1909f56bfc062723c751e8b465ee728b)
Start importing Assets/Art/2D Pixel Art Platformer Biome - American Forest/Plant2.asset using Guid(2ee69c0ef57a11a4db3f439b38701ec6) Importer(815301076,1909f56bfc062723c751e8b465ee728b) (PreviewImporter) -> (artifact id: '4d2a2c442ed0901e67599546474e09e6') in 0.0240352 seconds
Number of updated asset objects reloaded before import = 0Number of asset objects unloaded after import = 92

========================================================================
Received Import Request.
  Time since last request: 0.000027 seconds.
  path: Assets/Art/2D Pixel Art Platformer Biome - American Forest/TileBackGround3.asset
  artifactKey: Guid(e6bf6ef1de9338142a295cc88ca7275b) Importer(815301076,1909f56bfc062723c751e8b465ee728b)
Start importing Assets/Art/2D Pixel Art Platformer Biome - American Forest/TileBackGround3.asset using Guid(e6bf6ef1de9338142a295cc88ca7275b) Importer(815301076,1909f56bfc062723c751e8b465ee728b) (PreviewImporter) -> (artifact id: '870343994308f6c15d8690e8624e8048') in 0.0205201 seconds
Number of updated asset objects reloaded before import = 0Number of asset objects unloaded after import = 92

========================================================================
Received Import Request.
  Time since last request: 0.000029 seconds.
  path: Assets/Art/2D Pixel Art Platformer Biome - American Forest/TileBackGround1.asset
  artifactKey: Guid(9da010b055dbef84e824d18d39fadedd) Importer(815301076,1909f56bfc062723c751e8b465ee728b)
Start importing Assets/Art/2D Pixel Art Platformer Biome - American Forest/TileBackGround1.asset using Guid(9da010b055dbef84e824d18d39fadedd) Importer(815301076,1909f56bfc062723c751e8b465ee728b) (PreviewImporter) -> (artifact id: '8897b9b923f0d31fde64a04de8236d08') in 0.0247383 seconds
Number of updated asset objects reloaded before import = 0Number of asset objects unloaded after import = 92

========================================================================
Received Import Request.
  Time since last request: 0.000039 seconds.
  path: Assets/Art/2D Pixel Art Platformer Biome - American Forest/Full Biome Set.prefab
  artifactKey: Guid(8995562226439f54890ba2a55474bbf2) Importer(815301076,1909f56bfc062723c751e8b465ee728b)
Start importing Assets/Art/2D Pixel Art Platformer Biome - American Forest/Full Biome Set.prefab using Guid(8995562226439f54890ba2a55474bbf2) Importer(815301076,1909f56bfc062723c751e8b465ee728b) (PreviewImporter) -> (artifact id: 'd49b6b92a1e5bb188ff5b29d908828e3') in 1.2599348 seconds
Number of updated asset objects reloaded before import = 0Number of asset objects unloaded after import = 190

