
=== Thu Oct 17 20:34:58 2024

Packages were changed.
Update Mode: mergeDefaultDependencies

The following packages were added:
  com.unity.modules.ai@1.0.0
  com.unity.modules.androidjni@1.0.0
  com.unity.modules.animation@1.0.0
  com.unity.modules.assetbundle@1.0.0
  com.unity.modules.audio@1.0.0
  com.unity.modules.cloth@1.0.0
  com.unity.modules.director@1.0.0
  com.unity.modules.imageconversion@1.0.0
  com.unity.modules.imgui@1.0.0
  com.unity.modules.jsonserialize@1.0.0
  com.unity.modules.particlesystem@1.0.0
  com.unity.modules.physics@1.0.0
  com.unity.modules.physics2d@1.0.0
  com.unity.modules.screencapture@1.0.0
  com.unity.modules.terrain@1.0.0
  com.unity.modules.terrainphysics@1.0.0
  com.unity.modules.tilemap@1.0.0
  com.unity.modules.ui@1.0.0
  com.unity.modules.uielements@1.0.0
  com.unity.modules.umbra@1.0.0
  com.unity.modules.unityanalytics@1.0.0
  com.unity.modules.unitywebrequest@1.0.0
  com.unity.modules.unitywebrequestassetbundle@1.0.0
  com.unity.modules.unitywebrequestaudio@1.0.0
  com.unity.modules.unitywebrequesttexture@1.0.0
  com.unity.modules.unitywebrequestwww@1.0.0
  com.unity.modules.vehicles@1.0.0
  com.unity.modules.video@1.0.0
  com.unity.modules.vr@1.0.0
  com.unity.modules.wind@1.0.0
  com.unity.modules.xr@1.0.0
  com.unity.modules.accessibility@1.0.0
  com.unity.multiplayer.center@1.0.0
The following packages were updated:
  com.unity.collab-proxy from version 2.4.4 to 2.5.2
  com.unity.inputsystem from version 1.9.0 to 1.11.1
<<<<<<< HEAD

=== Mon Nov  4 10:31:45 2024

Packages were changed.
Update Mode: updateDependencies

The following packages were updated:
  com.unity.ads from version 3.7.1 to 4.4.2
  com.unity.analytics from version 3.5.3 to 3.8.1
  com.unity.collab-proxy from version 1.3.9 to 2.5.2
  com.unity.ide.rider from version 3.0.6 to 3.0.31
  com.unity.ide.visualstudio from version 2.0.7 to 2.0.22
  com.unity.purchasing from version 3.0.2 to 4.12.2
  com.unity.recorder from version 2.5.5 to 5.1.1
  com.unity.test-framework from version 1.1.24 to 1.4.5
  com.unity.testtools.codecoverage from version 1.0.0 to 1.2.6
  com.unity.timeline from version 1.5.4 to 1.8.7
  com.unity.ugui from version 1.0.0 to 2.0.0
  com.unity.xr.legacyinputhelpers from version 2.1.7 to 2.1.11
The following packages were removed:
  com.unity.textmeshpro@3.0.4

=== Mon Nov  4 10:31:45 2024

Packages were changed.
Update Mode: mergeDefaultDependencies

The following packages were added:
  com.unity.2d.sprite@1.0.0
  com.unity.2d.tilemap@1.0.0
  com.unity.ads@4.4.2
  com.unity.analytics@3.8.1
  com.unity.ide.vscode@1.2.3
  com.unity.purchasing@4.12.2
  com.unity.recorder@5.1.1
  com.unity.testtools.codecoverage@1.2.6
  com.unity.xr.legacyinputhelpers@2.1.11
=======
>>>>>>> Idle-Dungeon_3
